<?xml version="1.0" encoding="utf-8"?><testsuites name="pytest tests"><testsuite name="pytest" errors="0" failures="0" skipped="0" tests="24" time="29.872" timestamp="2026-06-09T07:43:06.091541+00:00" hostname="agent-env-820463b6-66b1-4f4f-a428-c1e3c5365d6f"><testcase classname="tests.test_phase4.TestLogout" name="test_logout_revokes_token" time="3.243" /><testcase classname="tests.test_phase4.TestLogout" name="test_logout_without_token_is_noop" time="0.046" /><testcase classname="tests.test_phase4.TestLogout" name="test_blacklist_has_future_expires_at" time="1.605" /><testcase classname="tests.test_phase4.TestBacktestRegression" name="test_ema_crossover_reliance_short_period" time="1.545" /><testcase classname="tests.test_phase4.TestBacktestRegression" name="test_all_strategies_no_5xx[RELIANCE-vwap_scalping]" time="0.063" /><testcase classname="tests.test_phase4.TestBacktestRegression" name="test_all_strategies_no_5xx[RELIANCE-oi_breakout]" time="0.064" /><testcase classname="tests.test_phase4.TestBacktestRegression" name="test_all_strategies_no_5xx[RELIANCE-smart_money]" time="0.063" /><testcase classname="tests.test_phase4.TestBacktestRegression" name="test_all_strategies_no_5xx[RELIANCE-gamma_scalping]" time="0.066" /><testcase classname="tests.test_phase4.TestBacktestRegression" name="test_all_strategies_no_5xx[HDFCBANK-vwap_scalping]" time="0.063" /><testcase classname="tests.test_phase4.TestBacktestRegression" name="test_all_strategies_no_5xx[HDFCBANK-oi_breakout]" time="0.063" /><testcase classname="tests.test_phase4.TestBacktestRegression" name="test_all_strategies_no_5xx[HDFCBANK-smart_money]" time="0.067" /><testcase classname="tests.test_phase4.TestBacktestRegression" name="test_all_strategies_no_5xx[HDFCBANK-gamma_scalping]" time="0.066" /><testcase classname="tests.test_phase4.TestBacktestRegression" name="test_all_strategies_no_5xx[INFY-vwap_scalping]" time="0.064" /><testcase classname="tests.test_phase4.TestBacktestRegression" name="test_all_strategies_no_5xx[INFY-oi_breakout]" time="0.063" /><testcase classname="tests.test_phase4.TestBacktestRegression" name="test_all_strategies_no_5xx[INFY-smart_money]" time="0.065" /><testcase classname="tests.test_phase4.TestBacktestRegression" name="test_all_strategies_no_5xx[INFY-gamma_scalping]" time="0.073" /><testcase classname="tests.test_phase4.TestOptionChainGreeks" name="test_31_rows_with_greeks" time="0.051" /><testcase classname="tests.test_phase4.TestIdempotency" name="test_test_fire_duplicate" time="0.100" /><testcase classname="tests.test_phase4.TestScheduler" name="test_scheduler_running_and_fires" time="22.194" /><testcase classname="tests.test_phase4.TestWebhookSecret" name="test_wrong_secret_403" time="0.047" /><testcase classname="tests.test_phase4.TestWebhookSecret" name="test_correct_user_secret_200" time="0.092" /><testcase classname="tests.test_phase4" name="test_telegram_platform_bot_available" time="0.050" /><testcase classname="tests.test_phase4" name="test_broker_schemas_seven" time="0.051" /><testcase classname="tests.test_phase4" name="test_no_hardcoded_tv_secret_as_nondefault" time="0.001" /></testsuite></testsuites>