<?xml version="1.0" encoding="utf-8"?><testsuites name="pytest tests"><testsuite name="pytest" errors="0" failures="1" skipped="0" tests="19" time="9.244" timestamp="2026-06-09T11:59:09.705405+00:00" hostname="agent-env-820463b6-66b1-4f4f-a428-c1e3c5365d6f"><testcase classname="backend.tests.test_phase5" name="test_feed_status_synthetic" time="1.704" /><testcase classname="backend.tests.test_phase5" name="test_snapshot_all_live_false" time="0.052" /><testcase classname="backend.tests.test_phase5" name="test_history_source_synthetic" time="0.050" /><testcase classname="backend.tests.test_phase5" name="test_parquet_still_rolling" time="0.048" /><testcase classname="backend.tests.test_phase5" name="test_ai_explain_signal_structured" time="3.782" /><testcase classname="backend.tests.test_phase5" name="test_anomaly_sweep_status" time="0.051" /><testcase classname="backend.tests.test_phase5" name="test_broker_schemas_seven" time="0.053" /><testcase classname="backend.tests.test_phase5" name="test_broker_angel_mock_upsert_list_delete" time="0.198" /><testcase classname="backend.tests.test_phase5" name="test_angel_login_without_creds" time="0.097" /><testcase classname="backend.tests.test_phase5" name="test_upstox_login_url_without_creds" time="0.103" /><testcase classname="backend.tests.test_phase5" name="test_broker_mock_fallback_order[angel]" time="0.205" /><testcase classname="backend.tests.test_phase5" name="test_broker_mock_fallback_order[upstox]" time="0.198" /><testcase classname="backend.tests.test_phase5" name="test_broker_mock_fallback_order[dhan]" time="0.195" /><testcase classname="backend.tests.test_phase5" name="test_broker_mock_fallback_order[breeze]" time="0.189" /><testcase classname="backend.tests.test_phase5" name="test_broker_mock_fallback_order[zerodha]" time="0.197" /><testcase classname="backend.tests.test_phase5" name="test_register_login_me_logout" time="1.784" /><testcase classname="backend.tests.test_phase5" name="test_tv_webhook_regression" time="0.051"><failure message="AssertionError: {&quot;detail&quot;:&quot;Invalid secret&quot;}&#10;assert 403 == 200&#10; +  where 403 = &lt;Response [403]&gt;.status_code">backend/tests/test_phase5.py:241: in test_tv_webhook_regression
    assert r.status_code == 200, r.text
E   AssertionError: {"detail":"Invalid secret"}
E   assert 403 == 200
E    +  where 403 = &lt;Response [403]&gt;.status_code</failure></testcase><testcase classname="backend.tests.test_phase5" name="test_strategies_crud_regression" time="0.120" /><testcase classname="backend.tests.test_phase5" name="test_analytics_options_regression" time="0.053" /></testsuite></testsuites>