<?xml version="1.0" encoding="utf-8"?><testsuites name="pytest tests"><testsuite name="pytest" errors="0" failures="0" skipped="0" tests="16" time="19.447" timestamp="2026-06-09T06:27:47.948413+00:00" hostname="agent-env-820463b6-66b1-4f4f-a428-c1e3c5365d6f"><testcase classname="backend.tests.test_phase2" name="test_idempotency_alert_id_dedupe" time="0.597" /><testcase classname="backend.tests.test_phase2" name="test_idempotency_fallback_symbol_side_price_minute" time="0.104" /><testcase classname="backend.tests.test_phase2" name="test_scheduler_status_running" time="0.046" /><testcase classname="backend.tests.test_phase2" name="test_scheduler_fires_strategy" time="16.244" /><testcase classname="backend.tests.test_phase2" name="test_strategy_crud_with_interval" time="0.196" /><testcase classname="backend.tests.test_phase2" name="test_brokers_list_has_new_fields" time="0.095" /><testcase classname="backend.tests.test_phase2" name="test_broker_api_key_encrypted_in_db" time="0.145" /><testcase classname="backend.tests.test_phase2" name="test_kite_login_url_requires_saved_key" time="0.093" /><testcase classname="backend.tests.test_phase2" name="test_kite_login_url_returns_url_after_save" time="0.120" /><testcase classname="backend.tests.test_phase2" name="test_kite_callback_invalid_token_graceful" time="0.453" /><testcase classname="backend.tests.test_phase2" name="test_kite_callback_missing_user_id" time="0.048" /><testcase classname="backend.tests.test_phase2" name="test_kite_disconnect_resets" time="0.098" /><testcase classname="backend.tests.test_phase2" name="test_order_routing_zerodha_falls_back_to_mock" time="0.197" /><testcase classname="backend.tests.test_phase2" name="test_telegram_crud_and_encryption_safety" time="0.804" /><testcase classname="backend.tests.test_phase2" name="test_option_chain_source_synthetic" time="0.099" /><testcase classname="backend.tests.test_phase2" name="test_tv_webhook_info_includes_alert_id" time="0.047" /></testsuite></testsuites>