<?xml version="1.0" encoding="utf-8"?><testsuites name="pytest tests"><testsuite name="pytest" errors="0" failures="1" skipped="0" tests="21" time="7.671" timestamp="2026-06-09T07:18:41.009339+00:00" hostname="agent-env-820463b6-66b1-4f4f-a428-c1e3c5365d6f"><testcase classname="backend.tests.test_phase3" name="test_broker_schemas_endpoint" time="0.541" /><testcase classname="backend.tests.test_phase3" name="test_brokers_list_includes_inline_schemas" time="0.053" /><testcase classname="backend.tests.test_phase3" name="test_angel_credentials_encrypted_in_db" time="0.286" /><testcase classname="backend.tests.test_phase3" name="test_zerodha_order_after_kite_disconnect_falls_back" time="0.143" /><testcase classname="backend.tests.test_phase3" name="test_login_user_has_tv_webhook_secret" time="0.000" /><testcase classname="backend.tests.test_phase3" name="test_me_has_tv_webhook_secret" time="0.047" /><testcase classname="backend.tests.test_phase3" name="test_webhook_secret_rotate_changes_value" time="0.360" /><testcase classname="backend.tests.test_phase3" name="test_tv_webhook_info_per_user_secret" time="0.046" /><testcase classname="backend.tests.test_phase3" name="test_per_user_tv_webhook_secret_enforcement" time="0.406" /><testcase classname="backend.tests.test_phase3" name="test_telegram_platform_bot_available" time="0.093" /><testcase classname="backend.tests.test_phase3" name="test_telegram_using_platform_bot_when_only_chat_id" time="0.137" /><testcase classname="backend.tests.test_phase3" name="test_telegram_test_send_no_crash" time="4.811" /><testcase classname="backend.tests.test_phase3" name="test_option_chain_greeks_populated" time="0.048"><failure message="AssertionError: pe_greeks missing&#10;assert False&#10; +  where False = isinstance(None, dict)">backend/tests/test_phase3.py:291: in test_option_chain_greeks_populated
    assert isinstance(g, dict), f"{side} missing"
E   AssertionError: pe_greeks missing
E   assert False
E    +  where False = isinstance(None, dict)</failure></testcase><testcase classname="backend.tests.test_phase3" name="test_greeks_by_strike_endpoint" time="0.144" /><testcase classname="backend.tests.test_phase3" name="test_backtest_real_parquet_reliance" time="0.067" /><testcase classname="backend.tests.test_phase3" name="test_backtest_synthetic_fallback_unknown_symbol" time="0.046" /><testcase classname="backend.tests.test_phase3" name="test_backtest_all_strategies_hdfcbank[ema_crossover]" time="0.061" /><testcase classname="backend.tests.test_phase3" name="test_backtest_all_strategies_hdfcbank[vwap_scalping]" time="0.063" /><testcase classname="backend.tests.test_phase3" name="test_backtest_all_strategies_hdfcbank[oi_breakout]" time="0.061" /><testcase classname="backend.tests.test_phase3" name="test_backtest_all_strategies_hdfcbank[smart_money]" time="0.061" /><testcase classname="backend.tests.test_phase3" name="test_backtest_all_strategies_hdfcbank[gamma_scalping]" time="0.064" /></testsuite></testsuites>