<?xml version="1.0" encoding="utf-8"?><testsuites name="pytest tests"><testsuite name="pytest" errors="0" failures="0" skipped="0" tests="27" time="13.605" timestamp="2026-06-09T06:06:05.770828+00:00" hostname="agent-env-820463b6-66b1-4f4f-a428-c1e3c5365d6f"><testcase classname="backend.tests.backend_test" name="test_health" time="2.451" /><testcase classname="backend.tests.backend_test" name="test_register_and_login_new_user" time="0.543" /><testcase classname="backend.tests.backend_test" name="test_auth_me" time="0.392" /><testcase classname="backend.tests.backend_test" name="test_auth_me_no_token" time="0.533" /><testcase classname="backend.tests.backend_test" name="test_login_bad_credentials" time="0.270" /><testcase classname="backend.tests.backend_test" name="test_market_symbols" time="0.047" /><testcase classname="backend.tests.backend_test" name="test_market_snapshot_50" time="0.048" /><testcase classname="backend.tests.backend_test" name="test_market_history" time="0.049" /><testcase classname="backend.tests.backend_test" name="test_top_movers" time="0.108" /><testcase classname="backend.tests.backend_test" name="test_strategies_crud" time="0.189" /><testcase classname="backend.tests.backend_test" name="test_place_order_and_position" time="0.194" /><testcase classname="backend.tests.backend_test" name="test_orders_list" time="0.047" /><testcase classname="backend.tests.backend_test" name="test_tv_webhook_info" time="0.045" /><testcase classname="backend.tests.backend_test" name="test_tv_test_fire" time="0.044" /><testcase classname="backend.tests.backend_test" name="test_tv_webhook_with_secret" time="0.048" /><testcase classname="backend.tests.backend_test" name="test_tv_webhook_bad_secret" time="0.048" /><testcase classname="backend.tests.backend_test" name="test_tv_signals_list" time="0.048" /><testcase classname="backend.tests.backend_test" name="test_signals_live" time="0.045" /><testcase classname="backend.tests.backend_test" name="test_backtest_run" time="0.052" /><testcase classname="backend.tests.backend_test" name="test_option_chain" time="0.046" /><testcase classname="backend.tests.backend_test" name="test_oi_heatmap" time="0.045" /><testcase classname="backend.tests.backend_test" name="test_iv_smile" time="0.046" /><testcase classname="backend.tests.backend_test" name="test_broker_connect_disconnect" time="0.142" /><testcase classname="backend.tests.backend_test" name="test_parquet_status" time="0.045" /><testcase classname="backend.tests.backend_test" name="test_parquet_files_and_preview" time="6.148" /><testcase classname="backend.tests.backend_test" name="test_notifications_flow" time="0.187" /><testcase classname="backend.tests.backend_test" name="test_ai_explain_stream" time="1.630" /></testsuite></testsuites>